/var/spool/slurm/d/job6049097/slurm_script: line 2:  : command not found
/var/spool/slurm/d/job6049097/slurm_script: line 29:  : command not found
/var/spool/slurm/d/job6049097/slurm_script: line 30:  : command not found

ArgumentError: Invalid shells: 
  - bash 

Currently available shells are:
  - bash
  - fish
  - powershell
  - tcsh
  - xonsh
  - zsh

0 1
0 3
1 2
1 4
2 5
3 4
3 6
4 5
4 7
5 8
6 7
7 8
z_true:	 30.027402085626505
z_trw:	 30.502204498856216
z_bp:	 29.986419033502415
0.0
TRBP matrix energy functional: 30.502204
0.05
TRBP matrix energy functional: 30.468636
0.1
TRBP matrix energy functional: 30.407643
0.15000000000000002
TRBP matrix energy functional: 30.330680
0.2
TRBP matrix energy functional: 30.250224
0.25
TRBP matrix energy functional: 30.176209
0.30000000000000004
TRBP matrix energy functional: 30.114539
0.35000000000000003
TRBP matrix energy functional: 30.067329
0.4
TRBP matrix energy functional: 30.033957
0.45
TRBP matrix energy functional: 30.012202
0.5
TRBP matrix energy functional: 29.999202
0.55
TRBP matrix energy functional: 29.992145
0.6000000000000001
TRBP matrix energy functional: 29.988704
0.65
TRBP matrix energy functional: 29.987218
0.7000000000000001
TRBP matrix energy functional: 29.986659
0.75
TRBP matrix energy functional: 29.986479
0.8
TRBP matrix energy functional: 29.986431
0.8500000000000001
TRBP matrix energy functional: 29.986421
0.9
TRBP matrix energy functional: 29.986419
0.9500000000000001
TRBP matrix energy functional: 29.986419
1.0
TRBP matrix energy functional: 29.986419
Detailed performance metrics for this job will be available at https://metrics.hpc.arizona.edu/#job_viewer?action=show&realm=SUPREMM&resource_id=73&local_job_id=6049097 by 8am on 2022/12/31.
