/var/spool/slurm/d/job6153667/slurm_script: line 2:  : command not found
/var/spool/slurm/d/job6153667/slurm_script: line 15:  : command not found

ArgumentError: Invalid shells: 
  - bash 

Currently available shells are:
  - bash
  - fish
  - powershell
  - tcsh
  - xonsh
  - zsh

0 1
0 3
1 2
1 4
2 5
3 4
3 6
4 5
4 7
5 8
6 7
7 8
z_true:	 24.496591019595307
z_trw:	 24.924926165328536
z_bp:	 24.32987497814185
0.0
1
2
3
4
5
6
TRBP matrix energy functional: 24.924926
0.05
1
2
3
4
5
6
TRBP matrix energy functional: 24.885970
0.1
1
2
3
4
5
6
TRBP matrix energy functional: 24.815226
0.15000000000000002
1
2
3
4
5
6
TRBP matrix energy functional: 24.726061
0.2
1
2
3
4
5
6
TRBP matrix energy functional: 24.633017
0.25
1
2
3
4
5
6
TRBP matrix energy functional: 24.547622
0.30000000000000004
1
2
3
4
5
6
TRBP matrix energy functional: 24.476648
0.35000000000000003
1
2
3
4
5
6
TRBP matrix energy functional: 24.422447
0.4
1
2
3
4
5
6
TRBP matrix energy functional: 24.384212
0.45
1
2
3
4
5
6
TRBP matrix energy functional: 24.359326
0.5
1
2
3
4
5
6
TRBP matrix energy functional: 24.344470
0.55
1
2
3
4
5
6
TRBP matrix energy functional: 24.336411
0.6000000000000001
1
2
3
4
5
6
TRBP matrix energy functional: 24.332483
0.65
1
2
3
4
5
6
TRBP matrix energy functional: 24.330787
0.7000000000000001
1
2
3
4
5
6
TRBP matrix energy functional: 24.330148
0.75
1
2
3
4
5
6
TRBP matrix energy functional: 24.329943
0.8
1
2
3
4
5
6
TRBP matrix energy functional: 24.329889
0.8500000000000001
1
2
3
4
5
6
TRBP matrix energy functional: 24.329877
0.9
1
2
3
4
5
6
TRBP matrix energy functional: 24.329875
0.9500000000000001
1
2
3
4
5
6
TRBP matrix energy functional: 24.329875
1.0
1
2
3
4
5
6
TRBP matrix energy functional: 24.329875
Detailed performance metrics for this job will be available at https://metrics.hpc.arizona.edu/#job_viewer?action=show&realm=SUPREMM&resource_id=73&local_job_id=6153667 by 8am on 2023/01/07.
